2015-05-05 09:26:57,313 [6] ERROR EPiServer.Global: 1.2.5 Unhandled exception in ASP.NET
System.Web.HttpCompileException (0x80004005): c:\Windows\Microsoft.NET\Framework\v4.0.30319\Temporary ASP.NET Files\root\33e6a57c\8f2fafc8\App_Web_layout.cshtml.639c3968.mls4sasf.0.cs(31): error CS0234: The type or namespace name 'Business' does not exist in the namespace 'JonDJones.Com.EpiBreadcrumbs' (are you missing an assembly reference?)
   at System.Web.Compilation.AssemblyBuilder.Compile()
   at System.Web.Compilation.BuildProvidersCompiler.PerformBuild()
   at System.Web.Compilation.BuildManager.CompileWebFile(VirtualPath virtualPath)
   at System.Web.Compilation.BuildManager.GetVPathBuildResultInternal(VirtualPath virtualPath, Boolean noBuild, Boolean allowCrossApp, Boolean allowBuildInPrecompile, Boolean throwIfNotFound, Boolean ensureIsUpToDate)
   at System.Web.Compilation.BuildManager.GetVPathBuildResultWithNoAssert(HttpContext context, VirtualPath virtualPath, Boolean noBuild, Boolean allowCrossApp, Boolean allowBuildInPrecompile, Boolean throwIfNotFound, Boolean ensureIsUpToDate)
   at System.Web.Compilation.BuildManager.GetVirtualPathObjectFactory(VirtualPath virtualPath, HttpContext context, Boolean allowCrossApp, Boolean throwIfNotFound)
   at System.Web.Compilation.BuildManager.CreateInstanceFromVirtualPath(VirtualPath virtualPath, Type requiredBaseType, HttpContext context, Boolean allowCrossApp)
   at System.Web.Compilation.BuildManager.CreateInstanceFromVirtualPath(String virtualPath, Type requiredBaseType)
   at System.Web.WebPages.BuildManagerWrapper.CreateInstanceOfType[T](String virtualPath)
   at System.Web.WebPages.VirtualPathFactoryExtensions.CreateInstance[T](IVirtualPathFactory factory, String virtualPath)
   at System.Web.WebPages.VirtualPathFactoryManager.CreateInstanceOfType[T](String virtualPath)
   at System.Web.WebPages.VirtualPathFactoryExtensions.CreateInstance[T](IVirtualPathFactory factory, String virtualPath)
   at System.Web.WebPages.WebPageBase.CreatePageFromVirtualPath(String virtualPath, HttpContextBase httpContext, Func`2 virtualPathExists, DisplayModeProvider displayModeProvider, IDisplayMode displayMode)
   at System.Web.WebPages.WebPageBase.<>c__DisplayClass7.<RenderPageCore>b__6(TextWriter writer)
   at System.Web.WebPages.HelperResult.WriteTo(TextWriter writer)
   at System.Web.WebPages.WebPageBase.Write(HelperResult result)
   at System.Web.WebPages.WebPageBase.RenderSurrounding(String partialViewName, Action`1 body)
   at System.Web.WebPages.WebPageBase.PopContext()
   at System.Web.WebPages.WebPageBase.ExecutePageHierarchy(WebPageContext pageContext, TextWriter writer, WebPageRenderingBase startPage)
   at System.Web.Mvc.RazorView.RenderView(ViewContext viewContext, TextWriter writer, Object instance)
   at System.Web.Mvc.BuildManagerCompiledView.Render(ViewContext viewContext, TextWriter writer)
   at System.Web.Mvc.ViewResultBase.ExecuteResult(ControllerContext context)
   at System.Web.Mvc.ControllerActionInvoker.InvokeActionResult(ControllerContext controllerContext, ActionResult actionResult)
   at System.Web.Mvc.ControllerActionInvoker.<>c__DisplayClass1a.<InvokeActionResultWithFilters>b__17()
   at System.Web.Mvc.ControllerActionInvoker.InvokeActionResultFilter(IResultFilter filter, ResultExecutingContext preContext, Func`1 continuation)
   at System.Web.Mvc.ControllerActionInvoker.<>c__DisplayClass1a.<>c__DisplayClass1c.<InvokeActionResultWithFilters>b__19()
   at System.Web.Mvc.ControllerActionInvoker.InvokeActionResultFilter(IResultFilter filter, ResultExecutingContext preContext, Func`1 continuation)
   at System.Web.Mvc.ControllerActionInvoker.<>c__DisplayClass1a.<>c__DisplayClass1c.<InvokeActionResultWithFilters>b__19()
   at System.Web.Mvc.ControllerActionInvoker.InvokeActionResultFilter(IResultFilter filter, ResultExecutingContext preContext, Func`1 continuation)
   at System.Web.Mvc.ControllerActionInvoker.<>c__DisplayClass1a.<>c__DisplayClass1c.<InvokeActionResultWithFilters>b__19()
   at System.Web.Mvc.ControllerActionInvoker.InvokeActionResultFilter(IResultFilter filter, ResultExecutingContext preContext, Func`1 continuation)
   at System.Web.Mvc.ControllerActionInvoker.<>c__DisplayClass1a.<>c__DisplayClass1c.<InvokeActionResultWithFilters>b__19()
   at System.Web.Mvc.ControllerActionInvoker.InvokeActionResultFilter(IResultFilter filter, ResultExecutingContext preContext, Func`1 continuation)
   at System.Web.Mvc.ControllerActionInvoker.<>c__DisplayClass1a.<>c__DisplayClass1c.<InvokeActionResultWithFilters>b__19()
   at System.Web.Mvc.ControllerActionInvoker.InvokeActionResultFilter(IResultFilter filter, ResultExecutingContext preContext, Func`1 continuation)
   at System.Web.Mvc.ControllerActionInvoker.<>c__DisplayClass1a.<>c__DisplayClass1c.<InvokeActionResultWithFilters>b__19()
   at System.Web.Mvc.ControllerActionInvoker.InvokeActionResultFilter(IResultFilter filter, ResultExecutingContext preContext, Func`1 continuation)
   at System.Web.Mvc.ControllerActionInvoker.<>c__DisplayClass1a.<>c__DisplayClass1c.<InvokeActionResultWithFilters>b__19()
   at System.Web.Mvc.ControllerActionInvoker.InvokeActionResultWithFilters(ControllerContext controllerContext, IList`1 filters, ActionResult actionResult)
   at System.Web.Mvc.Async.AsyncControllerActionInvoker.<>c__DisplayClass25.<>c__DisplayClass2a.<BeginInvokeAction>b__20()
   at System.Web.Mvc.Async.AsyncControllerActionInvoker.<>c__DisplayClass25.<BeginInvokeAction>b__22(IAsyncResult asyncResult)
   at System.Web.Mvc.Async.AsyncResultWrapper.WrappedAsyncResult`1.End()
   at System.Web.Mvc.Async.AsyncControllerActionInvoker.EndInvokeAction(IAsyncResult asyncResult)
   at System.Web.Mvc.Controller.<>c__DisplayClass1d.<BeginExecuteCore>b__18(IAsyncResult asyncResult)
   at System.Web.Mvc.Async.AsyncResultWrapper.<>c__DisplayClass4.<MakeVoidDelegate>b__3(IAsyncResult ar)
   at System.Web.Mvc.Async.AsyncResultWrapper.WrappedAsyncResult`1.End()
   at System.Web.Mvc.Controller.EndExecuteCore(IAsyncResult asyncResult)
   at System.Web.Mvc.Async.AsyncResultWrapper.<>c__DisplayClass4.<MakeVoidDelegate>b__3(IAsyncResult ar)
   at System.Web.Mvc.Async.AsyncResultWrapper.WrappedAsyncResult`1.End()
   at System.Web.Mvc.Controller.EndExecute(IAsyncResult asyncResult)
   at System.Web.Mvc.Controller.System.Web.Mvc.Async.IAsyncController.EndExecute(IAsyncResult asyncResult)
   at System.Web.Mvc.MvcHandler.<>c__DisplayClass8.<BeginProcessRequest>b__3(IAsyncResult asyncResult)
   at System.Web.Mvc.Async.AsyncResultWrapper.<>c__DisplayClass4.<MakeVoidDelegate>b__3(IAsyncResult ar)
   at System.Web.Mvc.Async.AsyncResultWrapper.WrappedAsyncResult`1.End()
   at System.Web.Mvc.MvcHandler.EndProcessRequest(IAsyncResult asyncResult)
   at System.Web.Mvc.MvcHandler.System.Web.IHttpAsyncHandler.EndProcessRequest(IAsyncResult result)
   at System.Web.HttpApplication.CallHandlerExecutionStep.System.Web.HttpApplication.IExecutionStep.Execute()
   at System.Web.HttpApplication.ExecuteStep(IExecutionStep step, Boolean& completedSynchronously)
2015-05-05 09:29:40,817 [8] ERROR EPiServer.Global: 1.2.5 Unhandled exception in ASP.NET
System.Web.HttpCompileException (0x80004005): c:\Code\JonDJones.Com.EpiServerLanguagePicker\EpiServerLanguagePicker\Views\Shared\Layout.cshtml(22): error CS1061: 'JonDJones.Com.EpiServerLanguagePicker.Models.Pages.GlobalBasePage' does not contain a definition for 'HideBreadcrumb' and no extension method 'HideBreadcrumb' accepting a first argument of type 'JonDJones.Com.EpiServerLanguagePicker.Models.Pages.GlobalBasePage' could be found (are you missing a using directive or an assembly reference?)
   at System.Web.Compilation.AssemblyBuilder.Compile()
   at System.Web.Compilation.BuildProvidersCompiler.PerformBuild()
   at System.Web.Compilation.BuildManager.CompileWebFile(VirtualPath virtualPath)
   at System.Web.Compilation.BuildManager.GetVPathBuildResultInternal(VirtualPath virtualPath, Boolean noBuild, Boolean allowCrossApp, Boolean allowBuildInPrecompile, Boolean throwIfNotFound, Boolean ensureIsUpToDate)
   at System.Web.Compilation.BuildManager.GetVPathBuildResultWithNoAssert(HttpContext context, VirtualPath virtualPath, Boolean noBuild, Boolean allowCrossApp, Boolean allowBuildInPrecompile, Boolean throwIfNotFound, Boolean ensureIsUpToDate)
   at System.Web.Compilation.BuildManager.GetVirtualPathObjectFactory(VirtualPath virtualPath, HttpContext context, Boolean allowCrossApp, Boolean throwIfNotFound)
   at System.Web.Compilation.BuildManager.CreateInstanceFromVirtualPath(VirtualPath virtualPath, Type requiredBaseType, HttpContext context, Boolean allowCrossApp)
   at System.Web.Compilation.BuildManager.CreateInstanceFromVirtualPath(String virtualPath, Type requiredBaseType)
   at System.Web.WebPages.BuildManagerWrapper.CreateInstanceOfType[T](String virtualPath)
   at System.Web.WebPages.VirtualPathFactoryExtensions.CreateInstance[T](IVirtualPathFactory factory, String virtualPath)
   at System.Web.WebPages.VirtualPathFactoryManager.CreateInstanceOfType[T](String virtualPath)
   at System.Web.WebPages.VirtualPathFactoryExtensions.CreateInstance[T](IVirtualPathFactory factory, String virtualPath)
   at System.Web.WebPages.WebPageBase.CreatePageFromVirtualPath(String virtualPath, HttpContextBase httpContext, Func`2 virtualPathExists, DisplayModeProvider displayModeProvider, IDisplayMode displayMode)
   at System.Web.WebPages.WebPageBase.<>c__DisplayClass7.<RenderPageCore>b__6(TextWriter writer)
   at System.Web.WebPages.HelperResult.WriteTo(TextWriter writer)
   at System.Web.WebPages.WebPageBase.Write(HelperResult result)
   at System.Web.WebPages.WebPageBase.RenderSurrounding(String partialViewName, Action`1 body)
   at System.Web.WebPages.WebPageBase.PopContext()
   at System.Web.WebPages.WebPageBase.ExecutePageHierarchy(WebPageContext pageContext, TextWriter writer, WebPageRenderingBase startPage)
   at System.Web.Mvc.RazorView.RenderView(ViewContext viewContext, TextWriter writer, Object instance)
   at System.Web.Mvc.BuildManagerCompiledView.Render(ViewContext viewContext, TextWriter writer)
   at System.Web.Mvc.ViewResultBase.ExecuteResult(ControllerContext context)
   at System.Web.Mvc.ControllerActionInvoker.InvokeActionResult(ControllerContext controllerContext, ActionResult actionResult)
   at System.Web.Mvc.ControllerActionInvoker.<>c__DisplayClass1a.<InvokeActionResultWithFilters>b__17()
   at System.Web.Mvc.ControllerActionInvoker.InvokeActionResultFilter(IResultFilter filter, ResultExecutingContext preContext, Func`1 continuation)
   at System.Web.Mvc.ControllerActionInvoker.<>c__DisplayClass1a.<>c__DisplayClass1c.<InvokeActionResultWithFilters>b__19()
   at System.Web.Mvc.ControllerActionInvoker.InvokeActionResultFilter(IResultFilter filter, ResultExecutingContext preContext, Func`1 continuation)
   at System.Web.Mvc.ControllerActionInvoker.<>c__DisplayClass1a.<>c__DisplayClass1c.<InvokeActionResultWithFilters>b__19()
   at System.Web.Mvc.ControllerActionInvoker.InvokeActionResultFilter(IResultFilter filter, ResultExecutingContext preContext, Func`1 continuation)
   at System.Web.Mvc.ControllerActionInvoker.<>c__DisplayClass1a.<>c__DisplayClass1c.<InvokeActionResultWithFilters>b__19()
   at System.Web.Mvc.ControllerActionInvoker.InvokeActionResultFilter(IResultFilter filter, ResultExecutingContext preContext, Func`1 continuation)
   at System.Web.Mvc.ControllerActionInvoker.<>c__DisplayClass1a.<>c__DisplayClass1c.<InvokeActionResultWithFilters>b__19()
   at System.Web.Mvc.ControllerActionInvoker.InvokeActionResultFilter(IResultFilter filter, ResultExecutingContext preContext, Func`1 continuation)
   at System.Web.Mvc.ControllerActionInvoker.<>c__DisplayClass1a.<>c__DisplayClass1c.<InvokeActionResultWithFilters>b__19()
   at System.Web.Mvc.ControllerActionInvoker.InvokeActionResultFilter(IResultFilter filter, ResultExecutingContext preContext, Func`1 continuation)
   at System.Web.Mvc.ControllerActionInvoker.<>c__DisplayClass1a.<>c__DisplayClass1c.<InvokeActionResultWithFilters>b__19()
   at System.Web.Mvc.ControllerActionInvoker.InvokeActionResultFilter(IResultFilter filter, ResultExecutingContext preContext, Func`1 continuation)
   at System.Web.Mvc.ControllerActionInvoker.<>c__DisplayClass1a.<>c__DisplayClass1c.<InvokeActionResultWithFilters>b__19()
   at System.Web.Mvc.ControllerActionInvoker.InvokeActionResultWithFilters(ControllerContext controllerContext, IList`1 filters, ActionResult actionResult)
   at System.Web.Mvc.Async.AsyncControllerActionInvoker.<>c__DisplayClass25.<>c__DisplayClass2a.<BeginInvokeAction>b__20()
   at System.Web.Mvc.Async.AsyncControllerActionInvoker.<>c__DisplayClass25.<BeginInvokeAction>b__22(IAsyncResult asyncResult)
   at System.Web.Mvc.Async.AsyncResultWrapper.WrappedAsyncResult`1.End()
   at System.Web.Mvc.Async.AsyncControllerActionInvoker.EndInvokeAction(IAsyncResult asyncResult)
   at System.Web.Mvc.Controller.<>c__DisplayClass1d.<BeginExecuteCore>b__18(IAsyncResult asyncResult)
   at System.Web.Mvc.Async.AsyncResultWrapper.<>c__DisplayClass4.<MakeVoidDelegate>b__3(IAsyncResult ar)
   at System.Web.Mvc.Async.AsyncResultWrapper.WrappedAsyncResult`1.End()
   at System.Web.Mvc.Controller.EndExecuteCore(IAsyncResult asyncResult)
   at System.Web.Mvc.Async.AsyncResultWrapper.<>c__DisplayClass4.<MakeVoidDelegate>b__3(IAsyncResult ar)
   at System.Web.Mvc.Async.AsyncResultWrapper.WrappedAsyncResult`1.End()
   at System.Web.Mvc.Controller.EndExecute(IAsyncResult asyncResult)
   at System.Web.Mvc.Controller.System.Web.Mvc.Async.IAsyncController.EndExecute(IAsyncResult asyncResult)
   at System.Web.Mvc.MvcHandler.<>c__DisplayClass8.<BeginProcessRequest>b__3(IAsyncResult asyncResult)
   at System.Web.Mvc.Async.AsyncResultWrapper.<>c__DisplayClass4.<MakeVoidDelegate>b__3(IAsyncResult ar)
   at System.Web.Mvc.Async.AsyncResultWrapper.WrappedAsyncResult`1.End()
   at System.Web.Mvc.MvcHandler.EndProcessRequest(IAsyncResult asyncResult)
   at System.Web.Mvc.MvcHandler.System.Web.IHttpAsyncHandler.EndProcessRequest(IAsyncResult result)
   at System.Web.HttpApplication.CallHandlerExecutionStep.System.Web.HttpApplication.IExecutionStep.Execute()
   at System.Web.HttpApplication.ExecuteStep(IExecutionStep step, Boolean& completedSynchronously)
2015-05-05 09:34:26,336 [7] ERROR EPiServer.Global: 1.2.5 Unhandled exception in ASP.NET
System.Web.HttpCompileException (0x80004005): c:\Code\JonDJones.Com.EpiServerLanguagePicker\EpiServerLanguagePicker\Views\Shared\Layout.cshtml(22): error CS1061: 'JonDJones.Com.EpiServerLanguagePicker.Models.Pages.GlobalBasePage' does not contain a definition for 'HideBreadcrumb' and no extension method 'HideBreadcrumb' accepting a first argument of type 'JonDJones.Com.EpiServerLanguagePicker.Models.Pages.GlobalBasePage' could be found (are you missing a using directive or an assembly reference?)
   at System.Web.Compilation.AssemblyBuilder.Compile()
   at System.Web.Compilation.BuildProvidersCompiler.PerformBuild()
   at System.Web.Compilation.BuildManager.CompileWebFile(VirtualPath virtualPath)
   at System.Web.Compilation.BuildManager.GetVPathBuildResultInternal(VirtualPath virtualPath, Boolean noBuild, Boolean allowCrossApp, Boolean allowBuildInPrecompile, Boolean throwIfNotFound, Boolean ensureIsUpToDate)
   at System.Web.Compilation.BuildManager.GetVPathBuildResultWithNoAssert(HttpContext context, VirtualPath virtualPath, Boolean noBuild, Boolean allowCrossApp, Boolean allowBuildInPrecompile, Boolean throwIfNotFound, Boolean ensureIsUpToDate)
   at System.Web.Compilation.BuildManager.GetVirtualPathObjectFactory(VirtualPath virtualPath, HttpContext context, Boolean allowCrossApp, Boolean throwIfNotFound)
   at System.Web.Compilation.BuildManager.CreateInstanceFromVirtualPath(VirtualPath virtualPath, Type requiredBaseType, HttpContext context, Boolean allowCrossApp)
   at System.Web.Compilation.BuildManager.CreateInstanceFromVirtualPath(String virtualPath, Type requiredBaseType)
   at System.Web.WebPages.BuildManagerWrapper.CreateInstanceOfType[T](String virtualPath)
   at System.Web.WebPages.VirtualPathFactoryExtensions.CreateInstance[T](IVirtualPathFactory factory, String virtualPath)
   at System.Web.WebPages.VirtualPathFactoryManager.CreateInstanceOfType[T](String virtualPath)
   at System.Web.WebPages.VirtualPathFactoryExtensions.CreateInstance[T](IVirtualPathFactory factory, String virtualPath)
   at System.Web.WebPages.WebPageBase.CreatePageFromVirtualPath(String virtualPath, HttpContextBase httpContext, Func`2 virtualPathExists, DisplayModeProvider displayModeProvider, IDisplayMode displayMode)
   at System.Web.WebPages.WebPageBase.<>c__DisplayClass7.<RenderPageCore>b__6(TextWriter writer)
   at System.Web.WebPages.HelperResult.WriteTo(TextWriter writer)
   at System.Web.WebPages.WebPageBase.Write(HelperResult result)
   at System.Web.WebPages.WebPageBase.RenderSurrounding(String partialViewName, Action`1 body)
   at System.Web.WebPages.WebPageBase.PopContext()
   at System.Web.WebPages.WebPageBase.ExecutePageHierarchy(WebPageContext pageContext, TextWriter writer, WebPageRenderingBase startPage)
   at System.Web.Mvc.RazorView.RenderView(ViewContext viewContext, TextWriter writer, Object instance)
   at System.Web.Mvc.BuildManagerCompiledView.Render(ViewContext viewContext, TextWriter writer)
   at System.Web.Mvc.ViewResultBase.ExecuteResult(ControllerContext context)
   at System.Web.Mvc.ControllerActionInvoker.InvokeActionResult(ControllerContext controllerContext, ActionResult actionResult)
   at System.Web.Mvc.ControllerActionInvoker.<>c__DisplayClass1a.<InvokeActionResultWithFilters>b__17()
   at System.Web.Mvc.ControllerActionInvoker.InvokeActionResultFilter(IResultFilter filter, ResultExecutingContext preContext, Func`1 continuation)
   at System.Web.Mvc.ControllerActionInvoker.<>c__DisplayClass1a.<>c__DisplayClass1c.<InvokeActionResultWithFilters>b__19()
   at System.Web.Mvc.ControllerActionInvoker.InvokeActionResultFilter(IResultFilter filter, ResultExecutingContext preContext, Func`1 continuation)
   at System.Web.Mvc.ControllerActionInvoker.<>c__DisplayClass1a.<>c__DisplayClass1c.<InvokeActionResultWithFilters>b__19()
   at System.Web.Mvc.ControllerActionInvoker.InvokeActionResultFilter(IResultFilter filter, ResultExecutingContext preContext, Func`1 continuation)
   at System.Web.Mvc.ControllerActionInvoker.<>c__DisplayClass1a.<>c__DisplayClass1c.<InvokeActionResultWithFilters>b__19()
   at System.Web.Mvc.ControllerActionInvoker.InvokeActionResultFilter(IResultFilter filter, ResultExecutingContext preContext, Func`1 continuation)
   at System.Web.Mvc.ControllerActionInvoker.<>c__DisplayClass1a.<>c__DisplayClass1c.<InvokeActionResultWithFilters>b__19()
   at System.Web.Mvc.ControllerActionInvoker.InvokeActionResultFilter(IResultFilter filter, ResultExecutingContext preContext, Func`1 continuation)
   at System.Web.Mvc.ControllerActionInvoker.<>c__DisplayClass1a.<>c__DisplayClass1c.<InvokeActionResultWithFilters>b__19()
   at System.Web.Mvc.ControllerActionInvoker.InvokeActionResultFilter(IResultFilter filter, ResultExecutingContext preContext, Func`1 continuation)
   at System.Web.Mvc.ControllerActionInvoker.<>c__DisplayClass1a.<>c__DisplayClass1c.<InvokeActionResultWithFilters>b__19()
   at System.Web.Mvc.ControllerActionInvoker.InvokeActionResultFilter(IResultFilter filter, ResultExecutingContext preContext, Func`1 continuation)
   at System.Web.Mvc.ControllerActionInvoker.<>c__DisplayClass1a.<>c__DisplayClass1c.<InvokeActionResultWithFilters>b__19()
   at System.Web.Mvc.ControllerActionInvoker.InvokeActionResultWithFilters(ControllerContext controllerContext, IList`1 filters, ActionResult actionResult)
   at System.Web.Mvc.Async.AsyncControllerActionInvoker.<>c__DisplayClass25.<>c__DisplayClass2a.<BeginInvokeAction>b__20()
   at System.Web.Mvc.Async.AsyncControllerActionInvoker.<>c__DisplayClass25.<BeginInvokeAction>b__22(IAsyncResult asyncResult)
   at System.Web.Mvc.Async.AsyncResultWrapper.WrappedAsyncResult`1.End()
   at System.Web.Mvc.Async.AsyncControllerActionInvoker.EndInvokeAction(IAsyncResult asyncResult)
   at System.Web.Mvc.Controller.<>c__DisplayClass1d.<BeginExecuteCore>b__18(IAsyncResult asyncResult)
   at System.Web.Mvc.Async.AsyncResultWrapper.<>c__DisplayClass4.<MakeVoidDelegate>b__3(IAsyncResult ar)
   at System.Web.Mvc.Async.AsyncResultWrapper.WrappedAsyncResult`1.End()
   at System.Web.Mvc.Controller.EndExecuteCore(IAsyncResult asyncResult)
   at System.Web.Mvc.Async.AsyncResultWrapper.<>c__DisplayClass4.<MakeVoidDelegate>b__3(IAsyncResult ar)
   at System.Web.Mvc.Async.AsyncResultWrapper.WrappedAsyncResult`1.End()
   at System.Web.Mvc.Controller.EndExecute(IAsyncResult asyncResult)
   at System.Web.Mvc.Controller.System.Web.Mvc.Async.IAsyncController.EndExecute(IAsyncResult asyncResult)
   at System.Web.Mvc.MvcHandler.<>c__DisplayClass8.<BeginProcessRequest>b__3(IAsyncResult asyncResult)
   at System.Web.Mvc.Async.AsyncResultWrapper.<>c__DisplayClass4.<MakeVoidDelegate>b__3(IAsyncResult ar)
   at System.Web.Mvc.Async.AsyncResultWrapper.WrappedAsyncResult`1.End()
   at System.Web.Mvc.MvcHandler.EndProcessRequest(IAsyncResult asyncResult)
   at System.Web.Mvc.MvcHandler.System.Web.IHttpAsyncHandler.EndProcessRequest(IAsyncResult result)
   at System.Web.HttpApplication.CallHandlerExecutionStep.System.Web.HttpApplication.IExecutionStep.Execute()
   at System.Web.HttpApplication.ExecuteStep(IExecutionStep step, Boolean& completedSynchronously)
2015-05-05 19:09:44,832 [7] ERROR EPiServer.Global: 1.2.5 Unhandled exception in ASP.NET
System.Web.HttpException (0x80004005): The file '/link/43f936c99b234ea397b261c538ad07c9.aspx' does not exist.
   at System.Web.UI.Util.CheckVirtualFileExists(VirtualPath virtualPath)
   at System.Web.Compilation.BuildManager.GetVPathBuildResultInternal(VirtualPath virtualPath, Boolean noBuild, Boolean allowCrossApp, Boolean allowBuildInPrecompile, Boolean throwIfNotFound, Boolean ensureIsUpToDate)
   at System.Web.Compilation.BuildManager.GetVPathBuildResultWithNoAssert(HttpContext context, VirtualPath virtualPath, Boolean noBuild, Boolean allowCrossApp, Boolean allowBuildInPrecompile, Boolean throwIfNotFound, Boolean ensureIsUpToDate)
   at System.Web.Compilation.BuildManager.GetVirtualPathObjectFactory(VirtualPath virtualPath, HttpContext context, Boolean allowCrossApp, Boolean throwIfNotFound)
   at System.Web.Compilation.BuildManager.CreateInstanceFromVirtualPath(VirtualPath virtualPath, Type requiredBaseType, HttpContext context, Boolean allowCrossApp)
   at System.Web.Routing.PageRouteHandler.GetHttpHandler(RequestContext requestContext)
   at EPiServer.Web.Routing.MultiplexingRouteHandler.GetHttpHandler(RequestContext requestContext)
   at System.Web.Routing.UrlRoutingModule.PostResolveRequestCache(HttpContextBase context)
   at System.Web.Routing.UrlRoutingModule.OnApplicationPostResolveRequestCache(Object sender, EventArgs e)
   at System.Web.HttpApplication.SyncEventExecutionStep.System.Web.HttpApplication.IExecutionStep.Execute()
   at System.Web.HttpApplication.ExecuteStep(IExecutionStep step, Boolean& completedSynchronously)
2015-05-05 19:11:37,031 [7] ERROR EPiServer.Global: 1.2.5 Unhandled exception in ASP.NET
System.Web.HttpException (0x80004005): The file '/link/43f936c99b234ea397b261c538ad07c9.aspx' does not exist.
   at System.Web.UI.Util.CheckVirtualFileExists(VirtualPath virtualPath)
   at System.Web.Compilation.BuildManager.GetVPathBuildResultInternal(VirtualPath virtualPath, Boolean noBuild, Boolean allowCrossApp, Boolean allowBuildInPrecompile, Boolean throwIfNotFound, Boolean ensureIsUpToDate)
   at System.Web.Compilation.BuildManager.GetVPathBuildResultWithNoAssert(HttpContext context, VirtualPath virtualPath, Boolean noBuild, Boolean allowCrossApp, Boolean allowBuildInPrecompile, Boolean throwIfNotFound, Boolean ensureIsUpToDate)
   at System.Web.Compilation.BuildManager.GetVirtualPathObjectFactory(VirtualPath virtualPath, HttpContext context, Boolean allowCrossApp, Boolean throwIfNotFound)
   at System.Web.Compilation.BuildManager.CreateInstanceFromVirtualPath(VirtualPath virtualPath, Type requiredBaseType, HttpContext context, Boolean allowCrossApp)
   at System.Web.Routing.PageRouteHandler.GetHttpHandler(RequestContext requestContext)
   at EPiServer.Web.Routing.MultiplexingRouteHandler.GetHttpHandler(RequestContext requestContext)
   at System.Web.Routing.UrlRoutingModule.PostResolveRequestCache(HttpContextBase context)
   at System.Web.Routing.UrlRoutingModule.OnApplicationPostResolveRequestCache(Object sender, EventArgs e)
   at System.Web.HttpApplication.SyncEventExecutionStep.System.Web.HttpApplication.IExecutionStep.Execute()
   at System.Web.HttpApplication.ExecuteStep(IExecutionStep step, Boolean& completedSynchronously)
2015-05-05 19:17:13,763 [6] ERROR EPiServer.Global: 1.2.5 Unhandled exception in ASP.NET
System.Web.HttpException (0x80004005): The file '/link/43f936c99b234ea397b261c538ad07c9.aspx' does not exist.
   at System.Web.UI.Util.CheckVirtualFileExists(VirtualPath virtualPath)
   at System.Web.Compilation.BuildManager.GetVPathBuildResultInternal(VirtualPath virtualPath, Boolean noBuild, Boolean allowCrossApp, Boolean allowBuildInPrecompile, Boolean throwIfNotFound, Boolean ensureIsUpToDate)
   at System.Web.Compilation.BuildManager.GetVPathBuildResultWithNoAssert(HttpContext context, VirtualPath virtualPath, Boolean noBuild, Boolean allowCrossApp, Boolean allowBuildInPrecompile, Boolean throwIfNotFound, Boolean ensureIsUpToDate)
   at System.Web.Compilation.BuildManager.GetVirtualPathObjectFactory(VirtualPath virtualPath, HttpContext context, Boolean allowCrossApp, Boolean throwIfNotFound)
   at System.Web.Compilation.BuildManager.CreateInstanceFromVirtualPath(VirtualPath virtualPath, Type requiredBaseType, HttpContext context, Boolean allowCrossApp)
   at System.Web.Routing.PageRouteHandler.GetHttpHandler(RequestContext requestContext)
   at EPiServer.Web.Routing.MultiplexingRouteHandler.GetHttpHandler(RequestContext requestContext)
   at System.Web.Routing.UrlRoutingModule.PostResolveRequestCache(HttpContextBase context)
   at System.Web.Routing.UrlRoutingModule.OnApplicationPostResolveRequestCache(Object sender, EventArgs e)
   at System.Web.HttpApplication.SyncEventExecutionStep.System.Web.HttpApplication.IExecutionStep.Execute()
   at System.Web.HttpApplication.ExecuteStep(IExecutionStep step, Boolean& completedSynchronously)
2015-05-05 19:36:24,246 [7] ERROR EPiServer.Global: 1.2.5 Unhandled exception in ASP.NET
System.Web.HttpException (0x80004005): The file '/link/43f936c99b234ea397b261c538ad07c9.aspx' does not exist.
   at System.Web.UI.Util.CheckVirtualFileExists(VirtualPath virtualPath)
   at System.Web.Compilation.BuildManager.GetVPathBuildResultInternal(VirtualPath virtualPath, Boolean noBuild, Boolean allowCrossApp, Boolean allowBuildInPrecompile, Boolean throwIfNotFound, Boolean ensureIsUpToDate)
   at System.Web.Compilation.BuildManager.GetVPathBuildResultWithNoAssert(HttpContext context, VirtualPath virtualPath, Boolean noBuild, Boolean allowCrossApp, Boolean allowBuildInPrecompile, Boolean throwIfNotFound, Boolean ensureIsUpToDate)
   at System.Web.Compilation.BuildManager.GetVirtualPathObjectFactory(VirtualPath virtualPath, HttpContext context, Boolean allowCrossApp, Boolean throwIfNotFound)
   at System.Web.Compilation.BuildManager.CreateInstanceFromVirtualPath(VirtualPath virtualPath, Type requiredBaseType, HttpContext context, Boolean allowCrossApp)
   at System.Web.Routing.PageRouteHandler.GetHttpHandler(RequestContext requestContext)
   at EPiServer.Web.Routing.MultiplexingRouteHandler.GetHttpHandler(RequestContext requestContext)
   at System.Web.Routing.UrlRoutingModule.PostResolveRequestCache(HttpContextBase context)
   at System.Web.Routing.UrlRoutingModule.OnApplicationPostResolveRequestCache(Object sender, EventArgs e)
   at System.Web.HttpApplication.SyncEventExecutionStep.System.Web.HttpApplication.IExecutionStep.Execute()
   at System.Web.HttpApplication.ExecuteStep(IExecutionStep step, Boolean& completedSynchronously)
